2014/03/27 12:10:29 INFO  - jmeter.util.JMeterUtils: Setting Locale to en_US 
2014/03/27 12:10:29 INFO  - jmeter.JMeter: Loading user properties from: D:\maven\test\jmeter-demo\target\jmeter\bin\user.properties 
2014/03/27 12:10:29 INFO  - jmeter.JMeter: Loading system properties from: D:\maven\test\jmeter-demo\target\jmeter\bin\system.properties 
2014/03/27 12:10:29 INFO  - jmeter.JMeter: Copyright (c) 1998-2013 The Apache Software Foundation 
2014/03/27 12:10:29 INFO  - jmeter.JMeter: Version 2.10 r1533061 
2014/03/27 12:10:29 INFO  - jmeter.JMeter: java.version=1.6.0_22 
2014/03/27 12:10:29 INFO  - jmeter.JMeter: java.vm.name=Java HotSpot(TM) 64-Bit Server VM 
2014/03/27 12:10:29 INFO  - jmeter.JMeter: os.name=Windows 7 
2014/03/27 12:10:29 INFO  - jmeter.JMeter: os.arch=amd64 
2014/03/27 12:10:29 INFO  - jmeter.JMeter: os.version=6.1 
2014/03/27 12:10:29 INFO  - jmeter.JMeter: file.encoding=Cp1252 
2014/03/27 12:10:29 INFO  - jmeter.JMeter: Default Locale=English (United States) 
2014/03/27 12:10:29 INFO  - jmeter.JMeter: JMeter  Locale=English (United States) 
2014/03/27 12:10:29 INFO  - jmeter.JMeter: JMeterHome=D:\maven\test\jmeter-demo\target\jmeter 
2014/03/27 12:10:29 INFO  - jmeter.JMeter: user.dir  =D:\maven\test\jmeter-demo\target\jmeter\bin 
2014/03/27 12:10:29 INFO  - jmeter.JMeter: PWD       =D:\maven\test\jmeter-demo\target\jmeter\bin 
2014/03/27 12:10:30 INFO  - jmeter.JMeter: IP: 192.168.177.145 Name: SCL169 FullName: SCL169.startupfarms.corp 
2014/03/27 12:10:30 INFO  - jmeter.services.FileServer: Default base='D:\maven\test\jmeter-demo\target\jmeter\bin' 
2014/03/27 12:10:30 INFO  - jmeter.services.FileServer: Set new base='D:\maven\test\jmeter-demo\src\test\jmeter' 
2014/03/27 12:10:30 INFO  - jmeter.JMeter: Loading file: D:\maven\test\jmeter-demo\src\test\jmeter\maven_example.jmx 
2014/03/27 12:10:30 INFO  - jmeter.save.SaveService: Testplan (JMX) version: 2.2. Testlog (JTL) version: 2.2 
2014/03/27 12:10:30 INFO  - jmeter.save.SaveService: Using SaveService properties file encoding UTF-8 
2014/03/27 12:10:30 INFO  - jmeter.save.SaveService: Using SaveService properties version 2.5 
2014/03/27 12:10:30 INFO  - jmeter.save.SaveService: Using SaveService properties file version 1519088 
2014/03/27 12:10:30 INFO  - jmeter.save.SaveService: All converter versions present and correct 
2014/03/27 12:10:30 INFO  - jmeter.protocol.http.control.CookieManager: Settings: Delete null: true Check: true Allow variable: true Save: false Prefix: COOKIE_ 
2014/03/27 12:10:30 INFO  - jmeter.protocol.http.sampler.HTTPSamplerBase: Cannot find .className property for htmlParser, using default 
2014/03/27 12:10:30 INFO  - jmeter.protocol.http.sampler.HTTPSamplerBase: Parser for text/html is  
2014/03/27 12:10:30 INFO  - jmeter.protocol.http.sampler.HTTPSamplerBase: Parser for application/xhtml+xml is  
2014/03/27 12:10:30 INFO  - jmeter.protocol.http.sampler.HTTPSamplerBase: Parser for application/xml is  
2014/03/27 12:10:30 INFO  - jmeter.protocol.http.sampler.HTTPSamplerBase: Parser for text/xml is  
2014/03/27 12:10:30 INFO  - jmeter.protocol.http.sampler.HTTPSamplerBase: Parser for text/vnd.wap.wml is org.apache.jmeter.protocol.http.parser.RegexpHTMLParser 
2014/03/27 12:10:30 INFO  - jmeter.engine.StandardJMeterEngine: Listeners will be started after enabling running version 
2014/03/27 12:10:30 INFO  - jmeter.engine.StandardJMeterEngine: To revert to the earlier behaviour, define jmeterengine.startlistenerslater=false 
2014/03/27 12:10:30 INFO  - jmeter.engine.StandardJMeterEngine: Running the test! 
2014/03/27 12:10:30 INFO  - jmeter.samplers.SampleEvent: List of sample_variables: [] 
2014/03/27 12:10:30 INFO  - jmeter.samplers.SampleEvent: List of sample_variables: [] 
2014/03/27 12:10:30 INFO  - jmeter.engine.util.CompoundVariable: Note: Function class names must contain the string: '.functions.' 
2014/03/27 12:10:30 INFO  - jmeter.engine.util.CompoundVariable: Note: Function class names must not contain the string: '.gui.' 
2014/03/27 12:10:31 INFO  - jmeter.JMeter: Running test (1395902431047) 
2014/03/27 12:10:31 INFO  - jmeter.engine.StandardJMeterEngine: Starting ThreadGroup: 1 : Thread Group 
2014/03/27 12:10:31 INFO  - jmeter.engine.StandardJMeterEngine: Starting 5 threads for group Thread Group. 
2014/03/27 12:10:31 INFO  - jmeter.engine.StandardJMeterEngine: Thread will continue on error 
2014/03/27 12:10:31 INFO  - jmeter.threads.ThreadGroup: Starting thread group number 1 threads 5 ramp-up 4 perThread 800.0 delayedStart=false 
2014/03/27 12:10:31 INFO  - jmeter.threads.JMeterThread: jmeterthread.startearlier=true (see jmeter.properties) 
2014/03/27 12:10:31 INFO  - jmeter.threads.JMeterThread: Running PostProcessors in forward order 
2014/03/27 12:10:31 INFO  - jmeter.samplers.SampleResult: Note: Sample TimeStamps are START times 
2014/03/27 12:10:31 INFO  - jmeter.samplers.SampleResult: sampleresult.default.encoding is set to ISO-8859-1 
2014/03/27 12:10:31 INFO  - jmeter.samplers.SampleResult: sampleresult.useNanoTime=true 
2014/03/27 12:10:31 INFO  - jmeter.samplers.SampleResult: sampleresult.nanoThreadSleep=5000 
2014/03/27 12:10:31 INFO  - jmeter.threads.JMeterThread: Thread started: Thread Group 1-1 
2014/03/27 12:10:31 INFO  - jmeter.threads.ThreadGroup: Started thread group number 1 
2014/03/27 12:10:31 INFO  - jmeter.engine.StandardJMeterEngine: All thread groups have been started 
2014/03/27 12:10:31 INFO  - jmeter.protocol.http.sampler.HTTPHCAbstractImpl: Local host = SCL169 
2014/03/27 12:10:31 INFO  - jmeter.protocol.http.sampler.HTTPHC4Impl: HTTP request retry count = 0 
2014/03/27 12:10:31 INFO  - jmeter.protocol.http.sampler.HTTPHC4Impl: Setting up HTTPS TrustAll scheme 
2014/03/27 12:10:31 INFO  - jmeter.util.JsseSSLManager: Using default SSL protocol: TLS 
2014/03/27 12:10:31 INFO  - jmeter.util.JsseSSLManager: SSL session context: per-thread 
2014/03/27 12:10:31 INFO  - jmeter.threads.JMeterThread: Thread started: Thread Group 1-2 
2014/03/27 12:10:32 INFO  - jmeter.util.SSLManager: JmeterKeyStore Location:  type JKS 
2014/03/27 12:10:32 INFO  - jmeter.util.SSLManager: KeyStore created OK 
2014/03/27 12:10:32 WARN  - jmeter.util.SSLManager: Keystore file not found, loading empty keystore 
2014/03/27 12:10:32 INFO  - jmeter.threads.JMeterThread: Thread started: Thread Group 1-3 
2014/03/27 12:10:33 INFO  - jmeter.threads.JMeterThread: Thread started: Thread Group 1-4 
2014/03/27 12:10:33 INFO  - jmeter.protocol.http.parser.HTMLParser: Created org.apache.jmeter.protocol.http.parser.LagartoBasedHtmlParser 
2014/03/27 12:10:33 INFO  - jmeter.protocol.http.parser.HTMLParser: Created org.apache.jmeter.protocol.http.parser.LagartoBasedHtmlParser 
2014/03/27 12:10:34 INFO  - jmeter.threads.JMeterThread: Thread started: Thread Group 1-5 
2014/03/27 12:11:22 INFO  - jmeter.threads.JMeterThread: Thread finished: Thread Group 1-5 
2014/03/27 12:11:23 INFO  - jmeter.threads.JMeterThread: Thread finished: Thread Group 1-2 
2014/03/27 12:11:27 INFO  - jmeter.threads.JMeterThread: Thread finished: Thread Group 1-4 
2014/03/27 12:11:34 INFO  - jmeter.threads.JMeterThread: Thread finished: Thread Group 1-1 
2014/03/27 12:11:37 INFO  - jmeter.threads.JMeterThread: Thread finished: Thread Group 1-3 
2014/03/27 12:11:37 INFO  - jmeter.engine.StandardJMeterEngine: Notifying test listeners of end of test 
